<?xml version="1.0" encoding="UTF-8"?>
<!-- Generated by org.testng.reporters.JUnitXMLReporter -->
<testsuite ignored="0" hostname="DESKTOP-6FM5GAH" failures="0" tests="1" name="Test-Runner-2" time="72.894" errors="0" timestamp="2023-09-25T18:09:39 IST">
  <testcase classname="com.spacesoil.TestNGVtigerSoilOrganizationTest" name="clickOnSoilOrg" time="48.004"/>
</testsuite> <!-- Test-Runner-2 -->
