<?xml version="1.0" encoding="UTF-8"?>
<!-- Generated by org.testng.reporters.JUnitXMLReporter -->
<testsuite ignored="0" hostname="DESKTOP-6FM5GAH" failures="0" tests="1" name="Test-Runner-1" time="0.103" errors="0" timestamp="2023-09-25T18:08:26 IST">
  <testcase classname="com.demoTest.Sample" name="run" time="0.012"/>
</testsuite> <!-- Test-Runner-1 -->
