<?xml version="1.0" encoding="UTF-8"?>
<!-- Generated by org.testng.reporters.JUnitXMLReporter -->
<testsuite ignored="0" hostname="DESKTOP-6FM5GAH" failures="0" tests="1" name="Test-Runner-Edge" time="50.716" errors="0" timestamp="2023-09-25T21:22:31 IST">
  <testcase classname="com.spacesoil.TestNGVtigerSoilOrganizationTest" name="clickOnSoilOrg" time="36.865"/>
</testsuite> <!-- Test-Runner-Edge -->
