<?xml version="1.0" encoding="UTF-8"?>
<!-- Generated by org.testng.reporters.JUnitReportReporter -->
<testsuite hostname="DESKTOP-6FM5GAH" failures="0" tests="1" name="com.demoTest.Sample" time="0.012" errors="0" timestamp="2023-09-25T18:09:39 IST" skipped="0">
  <testcase classname="com.demoTest.Sample" name="run" time="0.012"/>
</testsuite> <!-- com.demoTest.Sample -->
