<?xml version="1.0" encoding="UTF-8"?>
<!-- Generated by org.testng.reporters.JUnitReportReporter -->
<testsuite hostname="DESKTOP-6FM5GAH" failures="0" tests="3" name="com.dataprovider.DataProviderPractice" time="0.019" errors="0" timestamp="2023-09-26T13:30:13 IST" skipped="0">
  <testcase classname="com.dataprovider.DataProviderPractice" name="dataprovider" time="0.003"/>
  <testcase classname="com.dataprovider.DataProviderPractice" name="dataprovider" time="0.003"/>
  <testcase classname="com.dataprovider.DataProviderPractice" name="dataprovider" time="0.013"/>
</testsuite> <!-- com.dataprovider.DataProviderPractice -->
