<?xml version="1.0" encoding="UTF-8"?>
<!-- Generated by org.testng.reporters.JUnitReportReporter -->
<testsuite hostname="DESKTOP-6FM5GAH" failures="0" tests="3" name="com.dataprovider.DataProviderTest" time="0.011" errors="0" timestamp="2023-09-28T18:38:53 IST" skipped="0">
  <testcase classname="com.dataprovider.DataProviderTest" name="dataproviderPractice" time="0.002"/>
  <testcase classname="com.dataprovider.DataProviderTest" name="dataproviderPractice" time="0.002"/>
  <testcase classname="com.dataprovider.DataProviderTest" name="dataproviderPractice" time="0.007"/>
</testsuite> <!-- com.dataprovider.DataProviderTest -->
